<?xml version="1.0" encoding="UTF-8"?>
<!-- Generated by org.testng.reporters.JUnitXMLReporter -->
<testsuite ignored="0" hostname="DESKTOP-9R5J52G" failures="0" tests="3" name="Default test" time="0.113" errors="0" timestamp="2024-02-22T17:31:31 IST">
  <testcase classname="ui.TestNGAnnotations" name="methode1" time="0.018"/>
  <testcase classname="ui.TestNGAnnotations" name="methode2" time="0.004"/>
  <testcase classname="ui.TestNGAnnotations" name="methode3" time="0.003"/>
</testsuite> <!-- Default test -->
