<?xml version="1.0" encoding="UTF-8"?>
<testng-results ignored="0" total="3" passed="3" failed="0" skipped="0">
  <reporter-output>
  </reporter-output>
  <suite started-at="2024-02-22T17:31:31 IST" name="Default suite" finished-at="2024-02-22T17:31:31 IST" duration-ms="113">
    <groups>
    </groups>
    <test started-at="2024-02-22T17:31:31 IST" name="Default test" finished-at="2024-02-22T17:31:31 IST" duration-ms="113">
      <class name="ui.TestNGAnnotations">
        <test-method is-config="true" signature="beforeTest()[pri:0, instance:ui.TestNGAnnotations@76c3e77a]" started-at="2024-02-22T17:31:31 IST" name="beforeTest" finished-at="2024-02-22T17:31:31 IST" duration-ms="9" status="PASS">
          <reporter-output>
          </reporter-output>
        </test-method> <!-- beforeTest -->
        <test-method is-config="true" signature="beforeClass()[pri:0, instance:ui.TestNGAnnotations@76c3e77a]" started-at="2024-02-22T17:31:31 IST" name="beforeClass" finished-at="2024-02-22T17:31:31 IST" duration-ms="1" status="PASS">
          <reporter-output>
          </reporter-output>
        </test-method> <!-- beforeClass -->
        <test-method is-config="true" signature="beforeMethod()[pri:0, instance:ui.TestNGAnnotations@76c3e77a]" started-at="2024-02-22T17:31:31 IST" name="beforeMethod" finished-at="2024-02-22T17:31:31 IST" duration-ms="0" status="PASS">
          <reporter-output>
          </reporter-output>
        </test-method> <!-- beforeMethod -->
        <test-method signature="methode1()[pri:0, instance:ui.TestNGAnnotations@76c3e77a]" started-at="2024-02-22T17:31:31 IST" name="methode1" finished-at="2024-02-22T17:31:31 IST" duration-ms="18" status="PASS">
          <reporter-output>
          </reporter-output>
        </test-method> <!-- methode1 -->
        <test-method is-config="true" signature="afterMethod()[pri:0, instance:ui.TestNGAnnotations@76c3e77a]" started-at="2024-02-22T17:31:31 IST" name="afterMethod" finished-at="2024-02-22T17:31:31 IST" duration-ms="1" status="PASS">
          <reporter-output>
          </reporter-output>
        </test-method> <!-- afterMethod -->
        <test-method is-config="true" signature="beforeMethod()[pri:0, instance:ui.TestNGAnnotations@76c3e77a]" started-at="2024-02-22T17:31:31 IST" name="beforeMethod" finished-at="2024-02-22T17:31:31 IST" duration-ms="1" status="PASS">
          <reporter-output>
          </reporter-output>
        </test-method> <!-- beforeMethod -->
        <test-method signature="methode2()[pri:0, instance:ui.TestNGAnnotations@76c3e77a]" started-at="2024-02-22T17:31:31 IST" name="methode2" finished-at="2024-02-22T17:31:31 IST" duration-ms="4" status="PASS">
          <reporter-output>
          </reporter-output>
        </test-method> <!-- methode2 -->
        <test-method is-config="true" signature="afterMethod()[pri:0, instance:ui.TestNGAnnotations@76c3e77a]" started-at="2024-02-22T17:31:31 IST" name="afterMethod" finished-at="2024-02-22T17:31:31 IST" duration-ms="0" status="PASS">
          <reporter-output>
          </reporter-output>
        </test-method> <!-- afterMethod -->
        <test-method is-config="true" signature="beforeMethod()[pri:0, instance:ui.TestNGAnnotations@76c3e77a]" started-at="2024-02-22T17:31:31 IST" name="beforeMethod" finished-at="2024-02-22T17:31:31 IST" duration-ms="1" status="PASS">
          <reporter-output>
          </reporter-output>
        </test-method> <!-- beforeMethod -->
        <test-method signature="methode3()[pri:0, instance:ui.TestNGAnnotations@76c3e77a]" started-at="2024-02-22T17:31:31 IST" name="methode3" finished-at="2024-02-22T17:31:31 IST" duration-ms="3" status="PASS">
          <reporter-output>
          </reporter-output>
        </test-method> <!-- methode3 -->
        <test-method is-config="true" signature="afterMethod()[pri:0, instance:ui.TestNGAnnotations@76c3e77a]" started-at="2024-02-22T17:31:31 IST" name="afterMethod" finished-at="2024-02-22T17:31:31 IST" duration-ms="1" status="PASS">
          <reporter-output>
          </reporter-output>
        </test-method> <!-- afterMethod -->
        <test-method is-config="true" signature="afterClass()[pri:0, instance:ui.TestNGAnnotations@76c3e77a]" started-at="2024-02-22T17:31:31 IST" name="afterClass" finished-at="2024-02-22T17:31:31 IST" duration-ms="1" status="PASS">
          <reporter-output>
          </reporter-output>
        </test-method> <!-- afterClass -->
        <test-method is-config="true" signature="afterTest()[pri:0, instance:ui.TestNGAnnotations@76c3e77a]" started-at="2024-02-22T17:31:31 IST" name="afterTest" finished-at="2024-02-22T17:31:31 IST" duration-ms="0" status="PASS">
          <reporter-output>
          </reporter-output>
        </test-method> <!-- afterTest -->
      </class> <!-- ui.TestNGAnnotations -->
    </test> <!-- Default test -->
  </suite> <!-- Default suite -->
</testng-results>
